<?xml version="1.0" encoding="UTF-8"?>
<!-- Generated by org.testng.reporters.JUnitXMLReporter -->
<testsuite hostname="ISD-R9X85Z4" ignored="0" name="Default test" tests="3" failures="0" timestamp="07 Mar 2017 12:03:46 GMT" time="24.986" errors="0">
  <testcase name="login" time="10.306" classname="ibmnavigator.ReadData"/>
  <testcase name="login" time="2.915" classname="ibmnavigator.ReadData"/>
  <testcase name="login" time="2.956" classname="ibmnavigator.ReadData"/>
</testsuite> <!-- Default test -->
